<?xml version="1.0" encoding="UTF-8"?>
<testng-results ignored="0" total="1" passed="1" failed="0" skipped="0">
  <reporter-output>
  </reporter-output>
  <suite started-at="2022-09-23T18:20:26 IST" name="Default suite" finished-at="2022-09-23T18:20:26 IST" duration-ms="37">
    <groups>
    </groups>
    <test started-at="2022-09-23T18:20:26 IST" name="Default test" finished-at="2022-09-23T18:20:26 IST" duration-ms="37">
      <class name="confirm001.Confirm003">
        <test-method signature="contact()[pri:0, instance:confirm001.Confirm003@dd0c991]" started-at="2022-09-23T18:20:26 IST" name="contact" finished-at="2022-09-23T18:20:26 IST" duration-ms="9" status="PASS">
          <reporter-output>
          </reporter-output>
        </test-method> <!-- contact -->
      </class> <!-- confirm001.Confirm003 -->
    </test> <!-- Default test -->
  </suite> <!-- Default suite -->
</testng-results>
